<?xml version="1.0" encoding="UTF-8"?>
<!-- Generated by org.testng.reporters.JUnitXMLReporter -->
<testsuite ignored="0" hostname="DESKTOP-TL9PH17" failures="1" tests="2" name="Test" time="0.079" errors="0" timestamp="2023-03-28T01:38:42 IST">
  <testcase classname="com.actitime.testScript.Demotest" name="demo" time="0.019"/>
  <testcase classname="qsp.Demotest" name="demo" time="0.002">
    <failure type="java.lang.Error" message="Unresolved compilation problem: 
	ture cannot be resolved to a variable
">
      <![CDATA[java.lang.Error: Unresolved compilation problem: 
ture cannot be resolved to a variable

at qsp.Demotest.demo(Demotest.java:12)
at java.base/java.util.ArrayList.forEach(ArrayList.java:1511)
... Removed 25 stack frames]]>
    </failure>
  </testcase> <!-- demo -->
</testsuite> <!-- Test -->
